yarn run v1.22.19
$ storybook build --output-dir /var/folders/tf/czbmvhps6tv1wl3jwq312z580000gp/T/chromatic--40602-82kcVMyHEFt2
@storybook/cli v7.6.10

info => Cleaning outputDir: /var/folders/tf/czbmvhps6tv1wl3jwq312z580000gp/T/chromatic--40602-82kcVMyHEFt2
info => Loading presets
info => Building manager..
info => Manager built (138 ms)
info => Building preview..
info => Copying static files: /Users/w.chang/Documents/GitHub/learnstorybook-design-system/node_modules/@storybook/manager/static at /var/folders/tf/czbmvhps6tv1wl3jwq312z580000gp/T/chromatic--40602-82kcVMyHEFt2/sb-common-assets
vite v4.5.2 building for production...

./sb-common-assets/fonts.css doesn't exist at build time, it will remain unchanged to be resolved at runtime
transforming...
node_modules/@mui/material/utils/index.js (1:0) Module level directives cause errors when bundled, "use client" in "node_modules/@mui/material/utils/index.js" was ignored.

./Checkbox/ic_checkmark.svg referenced in /Users/w.chang/Documents/GitHub/learnstorybook-design-system/src/Components/CheckboxOption/CheckboxOption.css didn't resolve at build time, it will remain unchanged to be resolved at runtime
node_modules/@mui/material/utils/createSvgIcon.js (1:0) Module level directives cause errors when bundled, "use client" in "node_modules/@mui/material/utils/createSvgIcon.js" was ignored.
node_modules/@mui/material/utils/useEnhancedEffect.js (1:0) Module level directives cause errors when bundled, "use client" in "node_modules/@mui/material/utils/useEnhancedEffect.js" was ignored.
node_modules/@mui/material/utils/useId.js (1:0) Module level directives cause errors when bundled, "use client" in "node_modules/@mui/material/utils/useId.js" was ignored.
node_modules/@mui/material/utils/useControlled.js (1:0) Module level directives cause errors when bundled, "use client" in "node_modules/@mui/material/utils/useControlled.js" was ignored.
node_modules/@mui/material/utils/useEventCallback.js (1:0) Module level directives cause errors when bundled, "use client" in "node_modules/@mui/material/utils/useEventCallback.js" was ignored.
node_modules/@mui/material/utils/useIsFocusVisible.js (1:0) Module level directives cause errors when bundled, "use client" in "node_modules/@mui/material/utils/useIsFocusVisible.js" was ignored.
node_modules/@mui/material/utils/useForkRef.js (1:0) Module level directives cause errors when bundled, "use client" in "node_modules/@mui/material/utils/useForkRef.js" was ignored.
node_modules/@mui/utils/esm/index.js (1:0) Module level directives cause errors when bundled, "use client" in "node_modules/@mui/utils/esm/index.js" was ignored.
node_modules/@mui/material/SvgIcon/index.js (1:0) Module level directives cause errors when bundled, "use client" in "node_modules/@mui/material/SvgIcon/index.js" was ignored.
node_modules/@mui/utils/esm/useEnhancedEffect/index.js (1:0) Module level directives cause errors when bundled, "use client" in "node_modules/@mui/utils/esm/useEnhancedEffect/index.js" was ignored.
node_modules/@mui/utils/esm/useForkRef/index.js (1:0) Module level directives cause errors when bundled, "use client" in "node_modules/@mui/utils/esm/useForkRef/index.js" was ignored.
node_modules/@mui/utils/esm/useEventCallback/index.js (1:0) Module level directives cause errors when bundled, "use client" in "node_modules/@mui/utils/esm/useEventCallback/index.js" was ignored.
node_modules/@mui/utils/esm/useControlled/index.js (1:0) Module level directives cause errors when bundled, "use client" in "node_modules/@mui/utils/esm/useControlled/index.js" was ignored.
node_modules/@mui/utils/esm/useId/index.js (1:0) Module level directives cause errors when bundled, "use client" in "node_modules/@mui/utils/esm/useId/index.js" was ignored.
node_modules/@mui/utils/esm/useIsFocusVisible.js (1:0) Module level directives cause errors when bundled, "use client" in "node_modules/@mui/utils/esm/useIsFocusVisible.js" was ignored.
node_modules/@mui/utils/esm/usePreviousProps.js (1:0) Module level directives cause errors when bundled, "use client" in "node_modules/@mui/utils/esm/usePreviousProps.js" was ignored.
node_modules/@mui/material/SvgIcon/SvgIcon.js (1:0) Module level directives cause errors when bundled, "use client" in "node_modules/@mui/material/SvgIcon/SvgIcon.js" was ignored.
node_modules/@mui/utils/esm/useEnhancedEffect/useEnhancedEffect.js (1:0) Module level directives cause errors when bundled, "use client" in "node_modules/@mui/utils/esm/useEnhancedEffect/useEnhancedEffect.js" was ignored.
node_modules/@mui/utils/esm/useForkRef/useForkRef.js (1:0) Module level directives cause errors when bundled, "use client" in "node_modules/@mui/utils/esm/useForkRef/useForkRef.js" was ignored.
node_modules/@mui/utils/esm/useEventCallback/useEventCallback.js (1:0) Module level directives cause errors when bundled, "use client" in "node_modules/@mui/utils/esm/useEventCallback/useEventCallback.js" was ignored.
node_modules/@mui/utils/esm/useControlled/useControlled.js (1:0) Module level directives cause errors when bundled, "use client" in "node_modules/@mui/utils/esm/useControlled/useControlled.js" was ignored.
node_modules/@mui/utils/esm/useId/useId.js (1:0) Module level directives cause errors when bundled, "use client" in "node_modules/@mui/utils/esm/useId/useId.js" was ignored.
node_modules/@mui/material/styles/styled.js (1:0) Module level directives cause errors when bundled, "use client" in "node_modules/@mui/material/styles/styled.js" was ignored.
node_modules/@mui/material/styles/useThemeProps.js (1:0) Module level directives cause errors when bundled, "use client" in "node_modules/@mui/material/styles/useThemeProps.js" was ignored.
node_modules/@mui/system/esm/index.js (1:0) Module level directives cause errors when bundled, "use client" in "node_modules/@mui/system/esm/index.js" was ignored.
node_modules/@mui/material/styles/defaultTheme.js (1:0) Module level directives cause errors when bundled, "use client" in "node_modules/@mui/material/styles/defaultTheme.js" was ignored.
node_modules/@mui/system/esm/GlobalStyles/index.js (1:0) Module level directives cause errors when bundled, "use client" in "node_modules/@mui/system/esm/GlobalStyles/index.js" was ignored.
node_modules/@mui/styled-engine/index.js (8:0) Module level directives cause errors when bundled, "use client" in "node_modules/@mui/styled-engine/index.js" was ignored.
node_modules/@mui/system/esm/Box/index.js (1:0) Module level directives cause errors when bundled, "use client" in "node_modules/@mui/system/esm/Box/index.js" was ignored.
node_modules/@mui/system/esm/createBox.js (1:0) Module level directives cause errors when bundled, "use client" in "node_modules/@mui/system/esm/createBox.js" was ignored.
node_modules/@mui/system/esm/useThemeProps/index.js (1:0) Module level directives cause errors when bundled, "use client" in "node_modules/@mui/system/esm/useThemeProps/index.js" was ignored.
node_modules/@mui/system/esm/useTheme.js (1:0) Module level directives cause errors when bundled, "use client" in "node_modules/@mui/system/esm/useTheme.js" was ignored.
node_modules/@mui/system/esm/useThemeWithoutDefault.js (1:0) Module level directives cause errors when bundled, "use client" in "node_modules/@mui/system/esm/useThemeWithoutDefault.js" was ignored.
node_modules/@mui/system/esm/ThemeProvider/index.js (1:0) Module level directives cause errors when bundled, "use client" in "node_modules/@mui/system/esm/ThemeProvider/index.js" was ignored.
node_modules/@mui/system/esm/Unstable_Grid/index.js (1:0) Module level directives cause errors when bundled, "use client" in "node_modules/@mui/system/esm/Unstable_Grid/index.js" was ignored.
node_modules/@mui/system/esm/Container/index.js (1:0) Module level directives cause errors when bundled, "use client" in "node_modules/@mui/system/esm/Container/index.js" was ignored.
node_modules/@mui/system/esm/Unstable_Grid/Grid.js (1:0) Module level directives cause errors when bundled, "use client" in "node_modules/@mui/system/esm/Unstable_Grid/Grid.js" was ignored.
node_modules/@mui/system/esm/Stack/index.js (1:0) Module level directives cause errors when bundled, "use client" in "node_modules/@mui/system/esm/Stack/index.js" was ignored.
node_modules/@mui/system/esm/Stack/Stack.js (1:0) Module level directives cause errors when bundled, "use client" in "node_modules/@mui/system/esm/Stack/Stack.js" was ignored.
node_modules/@mui/styled-engine/StyledEngineProvider/index.js (1:0) Module level directives cause errors when bundled, "use client" in "node_modules/@mui/styled-engine/StyledEngineProvider/index.js" was ignored.
node_modules/@mui/system/esm/GlobalStyles/GlobalStyles.js (1:0) Module level directives cause errors when bundled, "use client" in "node_modules/@mui/system/esm/GlobalStyles/GlobalStyles.js" was ignored.
node_modules/@mui/styled-engine/GlobalStyles/index.js (1:0) Module level directives cause errors when bundled, "use client" in "node_modules/@mui/styled-engine/GlobalStyles/index.js" was ignored.
node_modules/@mui/system/esm/Box/Box.js (1:0) Module level directives cause errors when bundled, "use client" in "node_modules/@mui/system/esm/Box/Box.js" was ignored.
node_modules/@mui/system/esm/useThemeProps/useThemeProps.js (1:0) Module level directives cause errors when bundled, "use client" in "node_modules/@mui/system/esm/useThemeProps/useThemeProps.js" was ignored.
node_modules/@mui/system/esm/ThemeProvider/ThemeProvider.js (1:0) Module level directives cause errors when bundled, "use client" in "node_modules/@mui/system/esm/ThemeProvider/ThemeProvider.js" was ignored.
node_modules/@mui/system/esm/cssVars/useCurrentColorScheme.js (1:0) Module level directives cause errors when bundled, "use client" in "node_modules/@mui/system/esm/cssVars/useCurrentColorScheme.js" was ignored.
node_modules/@mui/system/esm/Container/Container.js (1:0) Module level directives cause errors when bundled, "use client" in "node_modules/@mui/system/esm/Container/Container.js" was ignored.
node_modules/@mui/styled-engine/StyledEngineProvider/StyledEngineProvider.js (1:0) Module level directives cause errors when bundled, "use client" in "node_modules/@mui/styled-engine/StyledEngineProvider/StyledEngineProvider.js" was ignored.
node_modules/@mui/styled-engine/GlobalStyles/GlobalStyles.js (1:0) Module level directives cause errors when bundled, "use client" in "node_modules/@mui/styled-engine/GlobalStyles/GlobalStyles.js" was ignored.
node_modules/telejson/dist/index.mjs (1413:15) Use of eval in "node_modules/telejson/dist/index.mjs" is strongly discouraged as it poses security risks and may cause issues with minification.
node_modules/telejson/dist/index.mjs (1416:18) Use of eval in "node_modules/telejson/dist/index.mjs" is strongly discouraged as it poses security risks and may cause issues with minification.
✓ 891 modules transformed.
rendering chunks...
computing gzip size...
../../../../../var/folders/tf/czbmvhps6tv1wl3jwq312z580000gp/T/chromatic--40602-82kcVMyHEFt2/assets/ic_checkmark-e0bc59f4.svg                                              0.26 kB │ gzip:   0.21 kB
../../../../../var/folders/tf/czbmvhps6tv1wl3jwq312z580000gp/T/chromatic--40602-82kcVMyHEFt2/assets/youtube-9f26eb0b.svg                                                   0.72 kB │ gzip:   0.36 kB
../../../../../var/folders/tf/czbmvhps6tv1wl3jwq312z580000gp/T/chromatic--40602-82kcVMyHEFt2/assets/tutorials-adff6365.svg                                                 1.27 kB │ gzip:   0.63 kB
../../../../../var/folders/tf/czbmvhps6tv1wl3jwq312z580000gp/T/chromatic--40602-82kcVMyHEFt2/assets/discord-f7d1b78c.svg                                                   2.41 kB │ gzip:   1.15 kB
../../../../../var/folders/tf/czbmvhps6tv1wl3jwq312z580000gp/T/chromatic--40602-82kcVMyHEFt2/assets/github-cdfc3270.svg                                                    2.72 kB │ gzip:   1.28 kB
../../../../../var/folders/tf/czbmvhps6tv1wl3jwq312z580000gp/T/chromatic--40602-82kcVMyHEFt2/assets/context-c612d889.png                                                   6.12 kB
../../../../../var/folders/tf/czbmvhps6tv1wl3jwq312z580000gp/T/chromatic--40602-82kcVMyHEFt2/assets/styling-c83082e0.png                                                   7.24 kB
../../../../../var/folders/tf/czbmvhps6tv1wl3jwq312z580000gp/T/chromatic--40602-82kcVMyHEFt2/iframe.html                                                                  12.76 kB │ gzip:   3.59 kB
../../../../../var/folders/tf/czbmvhps6tv1wl3jwq312z580000gp/T/chromatic--40602-82kcVMyHEFt2/assets/docs-5b0c7100.png                                                     27.88 kB
../../../../../var/folders/tf/czbmvhps6tv1wl3jwq312z580000gp/T/chromatic--40602-82kcVMyHEFt2/assets/share-b59d6c77.png                                                    40.77 kB
../../../../../var/folders/tf/czbmvhps6tv1wl3jwq312z580000gp/T/chromatic--40602-82kcVMyHEFt2/assets/accessibility-cd6d60f7.png                                            42.34 kB
../../../../../var/folders/tf/czbmvhps6tv1wl3jwq312z580000gp/T/chromatic--40602-82kcVMyHEFt2/assets/figma-plugin-b0a5ad2d.png                                             44.25 kB
../../../../../var/folders/tf/czbmvhps6tv1wl3jwq312z580000gp/T/chromatic--40602-82kcVMyHEFt2/assets/theming-b6e819c3.png                                                  44.37 kB
../../../../../var/folders/tf/czbmvhps6tv1wl3jwq312z580000gp/T/chromatic--40602-82kcVMyHEFt2/assets/testing-6a59f681.png                                                  49.31 kB
../../../../../var/folders/tf/czbmvhps6tv1wl3jwq312z580000gp/T/chromatic--40602-82kcVMyHEFt2/assets/addon-library-bc7ba705.png                                           467.37 kB
../../../../../var/folders/tf/czbmvhps6tv1wl3jwq312z580000gp/T/chromatic--40602-82kcVMyHEFt2/assets/ModalButtons-8c0a177c.css                                              0.06 kB │ gzip:   0.08 kB
../../../../../var/folders/tf/czbmvhps6tv1wl3jwq312z580000gp/T/chromatic--40602-82kcVMyHEFt2/assets/Overlay-95c553f3.css                                                   0.12 kB │ gzip:   0.13 kB
../../../../../var/folders/tf/czbmvhps6tv1wl3jwq312z580000gp/T/chromatic--40602-82kcVMyHEFt2/assets/ModalExample.stories-548767db.css                                      0.14 kB │ gzip:   0.13 kB
../../../../../var/folders/tf/czbmvhps6tv1wl3jwq312z580000gp/T/chromatic--40602-82kcVMyHEFt2/assets/Select.stories-3b112698.css                                            0.32 kB │ gzip:   0.27 kB
../../../../../var/folders/tf/czbmvhps6tv1wl3jwq312z580000gp/T/chromatic--40602-82kcVMyHEFt2/assets/IconButton.stories-31f6ef81.css                                        0.36 kB │ gzip:   0.26 kB
../../../../../var/folders/tf/czbmvhps6tv1wl3jwq312z580000gp/T/chromatic--40602-82kcVMyHEFt2/assets/AccordionList.stories-b44fe733.css                                     0.37 kB │ gzip:   0.30 kB
../../../../../var/folders/tf/czbmvhps6tv1wl3jwq312z580000gp/T/chromatic--40602-82kcVMyHEFt2/assets/Loader-87bc1423.css                                                    0.39 kB │ gzip:   0.29 kB
../../../../../var/folders/tf/czbmvhps6tv1wl3jwq312z580000gp/T/chromatic--40602-82kcVMyHEFt2/assets/Tooltip-c9e96619.css                                                   0.66 kB │ gzip:   0.46 kB
../../../../../var/folders/tf/czbmvhps6tv1wl3jwq312z580000gp/T/chromatic--40602-82kcVMyHEFt2/assets/Checkbox.stories-ca640a18.css                                          1.03 kB │ gzip:   0.52 kB
../../../../../var/folders/tf/czbmvhps6tv1wl3jwq312z580000gp/T/chromatic--40602-82kcVMyHEFt2/assets/Switch.stories-a9262c58.css                                            1.06 kB │ gzip:   0.53 kB
../../../../../var/folders/tf/czbmvhps6tv1wl3jwq312z580000gp/T/chromatic--40602-82kcVMyHEFt2/assets/Modal-11958b4d.css                                                     1.11 kB │ gzip:   0.53 kB
../../../../../var/folders/tf/czbmvhps6tv1wl3jwq312z580000gp/T/chromatic--40602-82kcVMyHEFt2/assets/Accordion-7e7056c7.css                                                 1.15 kB │ gzip:   0.61 kB
../../../../../var/folders/tf/czbmvhps6tv1wl3jwq312z580000gp/T/chromatic--40602-82kcVMyHEFt2/assets/TextField.stories-143d4740.css                                         1.22 kB │ gzip:   0.63 kB
../../../../../var/folders/tf/czbmvhps6tv1wl3jwq312z580000gp/T/chromatic--40602-82kcVMyHEFt2/assets/CheckboxOption.stories-26ea7ce2.css                                    1.25 kB │ gzip:   0.58 kB
../../../../../var/folders/tf/czbmvhps6tv1wl3jwq312z580000gp/T/chromatic--40602-82kcVMyHEFt2/assets/Button-d45014e6.css                                                    1.45 kB │ gzip:   0.61 kB
../../../../../var/folders/tf/czbmvhps6tv1wl3jwq312z580000gp/T/chromatic--40602-82kcVMyHEFt2/assets/preview-ba2273f4.js                                                    0.15 kB │ gzip:   0.15 kB
../../../../../var/folders/tf/czbmvhps6tv1wl3jwq312z580000gp/T/chromatic--40602-82kcVMyHEFt2/assets/emotion-use-insertion-effect-with-fallbacks.browser.esm-4926cc1b.js    0.18 kB │ gzip:   0.16 kB
../../../../../var/folders/tf/czbmvhps6tv1wl3jwq312z580000gp/T/chromatic--40602-82kcVMyHEFt2/assets/index-9eea8125.js                                                      0.21 kB │ gzip:   0.17 kB
../../../../../var/folders/tf/czbmvhps6tv1wl3jwq312z580000gp/T/chromatic--40602-82kcVMyHEFt2/assets/Loader-0d81bb5b.js                                                     0.23 kB │ gzip:   0.20 kB
../../../../../var/folders/tf/czbmvhps6tv1wl3jwq312z580000gp/T/chromatic--40602-82kcVMyHEFt2/assets/Overlay-9c4e7fe3.js                                                    0.29 kB │ gzip:   0.23 kB
../../../../../var/folders/tf/czbmvhps6tv1wl3jwq312z580000gp/T/chromatic--40602-82kcVMyHEFt2/assets/objectWithoutPropertiesLoose-6c5c234b.js                               0.39 kB │ gzip:   0.27 kB
../../../../../var/folders/tf/czbmvhps6tv1wl3jwq312z580000gp/T/chromatic--40602-82kcVMyHEFt2/assets/WithTooltip-V3YHNWJZ-fa41a154.js                                       0.44 kB │ gzip:   0.26 kB
../../../../../var/folders/tf/czbmvhps6tv1wl3jwq312z580000gp/T/chromatic--40602-82kcVMyHEFt2/assets/syntaxhighlighter-V7JZZA35-f087eb2b.js                                 0.45 kB │ gzip:   0.28 kB
../../../../../var/folders/tf/czbmvhps6tv1wl3jwq312z580000gp/T/chromatic--40602-82kcVMyHEFt2/assets/index-a1cf9e47.js                                                      0.49 kB │ gzip:   0.31 kB
../../../../../var/folders/tf/czbmvhps6tv1wl3jwq312z580000gp/T/chromatic--40602-82kcVMyHEFt2/assets/Tooltip-a1d96402.js                                                    0.54 kB │ gzip:   0.37 kB
../../../../../var/folders/tf/czbmvhps6tv1wl3jwq312z580000gp/T/chromatic--40602-82kcVMyHEFt2/assets/react-18-988a5df2.js                                                   0.55 kB │ gzip:   0.34 kB
../../../../../var/folders/tf/czbmvhps6tv1wl3jwq312z580000gp/T/chromatic--40602-82kcVMyHEFt2/assets/preview-4686fc9c.js                                                    0.57 kB │ gzip:   0.35 kB
../../../../../var/folders/tf/czbmvhps6tv1wl3jwq312z580000gp/T/chromatic--40602-82kcVMyHEFt2/assets/Loader.stories-8e13261e.js                                             0.60 kB │ gzip:   0.37 kB
../../../../../var/folders/tf/czbmvhps6tv1wl3jwq312z580000gp/T/chromatic--40602-82kcVMyHEFt2/assets/preview-73104b77.js                                                    0.64 kB │ gzip:   0.44 kB
../../../../../var/folders/tf/czbmvhps6tv1wl3jwq312z580000gp/T/chromatic--40602-82kcVMyHEFt2/assets/Overlay.stories-34701083.js                                            0.68 kB │ gzip:   0.40 kB
../../../../../var/folders/tf/czbmvhps6tv1wl3jwq312z580000gp/T/chromatic--40602-82kcVMyHEFt2/assets/_commonjsHelpers-de833af9.js                                           0.69 kB │ gzip:   0.38 kB
../../../../../var/folders/tf/czbmvhps6tv1wl3jwq312z580000gp/T/chromatic--40602-82kcVMyHEFt2/assets/Button-25baac5e.js                                                     0.72 kB │ gzip:   0.46 kB
../../../../../var/folders/tf/czbmvhps6tv1wl3jwq312z580000gp/T/chromatic--40602-82kcVMyHEFt2/assets/ModalButtons-7685edcf.js                                               0.74 kB │ gzip:   0.37 kB
../../../../../var/folders/tf/czbmvhps6tv1wl3jwq312z580000gp/T/chromatic--40602-82kcVMyHEFt2/assets/index-356e4a49.js                                                      0.77 kB │ gzip:   0.47 kB
../../../../../var/folders/tf/czbmvhps6tv1wl3jwq312z580000gp/T/chromatic--40602-82kcVMyHEFt2/assets/Modal-650aa43f.js                                                      0.78 kB │ gzip:   0.37 kB
../../../../../var/folders/tf/czbmvhps6tv1wl3jwq312z580000gp/T/chromatic--40602-82kcVMyHEFt2/assets/Accordion.stories-9c1ace20.js                                          0.80 kB │ gzip:   0.45 kB
../../../../../var/folders/tf/czbmvhps6tv1wl3jwq312z580000gp/T/chromatic--40602-82kcVMyHEFt2/assets/preview-0ef86afd.js                                                    0.86 kB │ gzip:   0.55 kB
../../../../../var/folders/tf/czbmvhps6tv1wl3jwq312z580000gp/T/chromatic--40602-82kcVMyHEFt2/assets/Switch.stories-6b90733e.js                                             0.92 kB │ gzip:   0.55 kB
../../../../../var/folders/tf/czbmvhps6tv1wl3jwq312z580000gp/T/chromatic--40602-82kcVMyHEFt2/assets/CheckboxOption.stories-7731a670.js                                     0.93 kB │ gzip:   0.54 kB
../../../../../var/folders/tf/czbmvhps6tv1wl3jwq312z580000gp/T/chromatic--40602-82kcVMyHEFt2/assets/Settings-88c604cb.js                                                   0.94 kB │ gzip:   0.54 kB
../../../../../var/folders/tf/czbmvhps6tv1wl3jwq312z580000gp/T/chromatic--40602-82kcVMyHEFt2/assets/Accordion-e6cf6523.js                                                  1.07 kB │ gzip:   0.61 kB
../../../../../var/folders/tf/czbmvhps6tv1wl3jwq312z580000gp/T/chromatic--40602-82kcVMyHEFt2/assets/jsx-runtime-9dc53467.js                                                1.09 kB │ gzip:   0.67 kB
../../../../../var/folders/tf/czbmvhps6tv1wl3jwq312z580000gp/T/chromatic--40602-82kcVMyHEFt2/assets/Modal.stories-2ca33db3.js                                              1.13 kB │ gzip:   0.55 kB
../../../../../var/folders/tf/czbmvhps6tv1wl3jwq312z580000gp/T/chromatic--40602-82kcVMyHEFt2/assets/Checkbox.stories-144b5b05.js                                           1.14 kB │ gzip:   0.57 kB
../../../../../var/folders/tf/czbmvhps6tv1wl3jwq312z580000gp/T/chromatic--40602-82kcVMyHEFt2/assets/entry-preview-1f5c28fc.js                                              1.15 kB │ gzip:   0.67 kB
../../../../../var/folders/tf/czbmvhps6tv1wl3jwq312z580000gp/T/chromatic--40602-82kcVMyHEFt2/assets/ModalButtons.stories-ceb02266.js                                       1.22 kB │ gzip:   0.53 kB
../../../../../var/folders/tf/czbmvhps6tv1wl3jwq312z580000gp/T/chromatic--40602-82kcVMyHEFt2/assets/DocsRenderer-NNNQARDV-a6b48eb7.js                                      1.33 kB │ gzip:   0.71 kB
../../../../../var/folders/tf/czbmvhps6tv1wl3jwq312z580000gp/T/chromatic--40602-82kcVMyHEFt2/assets/Tooltip.stories-1ffc06ce.js                                            1.37 kB │ gzip:   0.78 kB
../../../../../var/folders/tf/czbmvhps6tv1wl3jwq312z580000gp/T/chromatic--40602-82kcVMyHEFt2/assets/Colors-bc0b56d4.js                                                     1.44 kB │ gzip:   0.67 kB
../../../../../var/folders/tf/czbmvhps6tv1wl3jwq312z580000gp/T/chromatic--40602-82kcVMyHEFt2/assets/ModalExample.stories-4c7abbcc.js                                       1.55 kB │ gzip:   0.76 kB
../../../../../var/folders/tf/czbmvhps6tv1wl3jwq312z580000gp/T/chromatic--40602-82kcVMyHEFt2/assets/AccordionList.stories-d5ffeeb7.js                                      1.69 kB │ gzip:   0.68 kB
../../../../../var/folders/tf/czbmvhps6tv1wl3jwq312z580000gp/T/chromatic--40602-82kcVMyHEFt2/assets/IconButton.stories-cbc96df0.js                                         1.70 kB │ gzip:   0.75 kB
../../../../../var/folders/tf/czbmvhps6tv1wl3jwq312z580000gp/T/chromatic--40602-82kcVMyHEFt2/assets/index-11d98b33.js                                                      2.59 kB │ gzip:   1.26 kB
../../../../../var/folders/tf/czbmvhps6tv1wl3jwq312z580000gp/T/chromatic--40602-82kcVMyHEFt2/assets/TextField.stories-78374591.js                                          2.87 kB │ gzip:   0.93 kB
../../../../../var/folders/tf/czbmvhps6tv1wl3jwq312z580000gp/T/chromatic--40602-82kcVMyHEFt2/assets/preview-30b54f76.js                                                    3.21 kB │ gzip:   1.37 kB
../../../../../var/folders/tf/czbmvhps6tv1wl3jwq312z580000gp/T/chromatic--40602-82kcVMyHEFt2/assets/preview-d01b88e8.js                                                    5.23 kB │ gzip:   2.39 kB
../../../../../var/folders/tf/czbmvhps6tv1wl3jwq312z580000gp/T/chromatic--40602-82kcVMyHEFt2/assets/index-76fb7be0.js                                                      7.16 kB │ gzip:   2.91 kB
../../../../../var/folders/tf/czbmvhps6tv1wl3jwq312z580000gp/T/chromatic--40602-82kcVMyHEFt2/assets/preview-da31036b.js                                                    7.62 kB │ gzip:   1.56 kB
../../../../../var/folders/tf/czbmvhps6tv1wl3jwq312z580000gp/T/chromatic--40602-82kcVMyHEFt2/assets/preview-c56bf6ac.js                                                    8.28 kB │ gzip:   3.16 kB
../../../../../var/folders/tf/czbmvhps6tv1wl3jwq312z580000gp/T/chromatic--40602-82kcVMyHEFt2/assets/Button.stories-75bc29a3.js                                            10.37 kB │ gzip:   1.76 kB
../../../../../var/folders/tf/czbmvhps6tv1wl3jwq312z580000gp/T/chromatic--40602-82kcVMyHEFt2/assets/iframe-31c17dd8.js                                                    11.76 kB │ gzip:   2.40 kB
../../../../../var/folders/tf/czbmvhps6tv1wl3jwq312z580000gp/T/chromatic--40602-82kcVMyHEFt2/assets/Configure-80972afa.js                                                 17.02 kB │ gzip:   7.73 kB
../../../../../var/folders/tf/czbmvhps6tv1wl3jwq312z580000gp/T/chromatic--40602-82kcVMyHEFt2/assets/emotion-react-jsx-runtime.browser.esm-24fe29aa.js                     17.50 kB │ gzip:   7.06 kB
../../../../../var/folders/tf/czbmvhps6tv1wl3jwq312z580000gp/T/chromatic--40602-82kcVMyHEFt2/assets/Color-6VNJS4EI-b61a0b28.js                                            31.05 kB │ gzip:  11.64 kB
../../../../../var/folders/tf/czbmvhps6tv1wl3jwq312z580000gp/T/chromatic--40602-82kcVMyHEFt2/assets/jsx-runtime_commonjs-proxy-01c46f5a.js                                41.37 kB │ gzip:  16.27 kB
../../../../../var/folders/tf/czbmvhps6tv1wl3jwq312z580000gp/T/chromatic--40602-82kcVMyHEFt2/assets/Select.stories-d53a02a2.js                                            69.98 kB │ gzip:  24.53 kB
../../../../../var/folders/tf/czbmvhps6tv1wl3jwq312z580000gp/T/chromatic--40602-82kcVMyHEFt2/assets/preview-21802b0a.js                                                   72.07 kB │ gzip:  24.33 kB
../../../../../var/folders/tf/czbmvhps6tv1wl3jwq312z580000gp/T/chromatic--40602-82kcVMyHEFt2/assets/index-8fd8397b.js                                                     78.40 kB │ gzip:  23.41 kB
../../../../../var/folders/tf/czbmvhps6tv1wl3jwq312z580000gp/T/chromatic--40602-82kcVMyHEFt2/assets/index-d3ea75b5.js                                                    134.07 kB │ gzip:  43.20 kB
../../../../../var/folders/tf/czbmvhps6tv1wl3jwq312z580000gp/T/chromatic--40602-82kcVMyHEFt2/assets/entry-preview-docs-a89ae0d4.js                                       213.13 kB │ gzip:  66.23 kB
../../../../../var/folders/tf/czbmvhps6tv1wl3jwq312z580000gp/T/chromatic--40602-82kcVMyHEFt2/assets/index-f2eb4098.js                                                    539.49 kB │ gzip: 175.46 kB
../../../../../var/folders/tf/czbmvhps6tv1wl3jwq312z580000gp/T/chromatic--40602-82kcVMyHEFt2/assets/formatter-SWP5E3XI-72d2a202.js                                       601.64 kB │ gzip: 185.03 kB

(!) Some chunks are larger than 500 kBs after minification. Consider:
- Using dynamic import() to code-split the application
- Use build.rollupOptions.output.manualChunks to improve chunking: https://rollupjs.org/configuration-options/#output-manualchunks
- Adjust chunk size limit for this warning via build.chunkSizeWarningLimit.
✓ built in 6.21s
info => Preview built (6.94 s)
info => Output directory: /var/folders/tf/czbmvhps6tv1wl3jwq312z580000gp/T/chromatic--40602-82kcVMyHEFt2
Done in 9.00s.
